2013/10/14 02:03:45 [error] [php] Undefined index: db_name (C:\wamp\www\yii\admin2\protected\controllers\SiteController.php:44)
Stack trace:
#0 C:\wamp\www\yii\admin2\core\web\CController.php(286): SiteController->runAction()
#1 C:\wamp\www\yii\admin2\core\web\CController.php(265): SiteController->runActionWithFilters()
#2 C:\wamp\www\yii\admin2\core\web\CWebApplication.php(282): SiteController->run()
#3 C:\wamp\www\yii\admin2\core\web\CWebApplication.php(141): CWebApplication->runController()
#4 C:\wamp\www\yii\admin2\core\base\CApplication.php(169): CWebApplication->processRequest()
#5 C:\wamp\www\yii\admin2\index.php(13): CWebApplication->run()
REQUEST_URI=/yii/admin2/
in C:\wamp\www\yii\admin2\protected\controllers\SiteController.php (44)
in C:\wamp\www\yii\admin2\index.php (13)
2013/10/14 02:04:23 [error] [php] Undefined index: db_name (C:\wamp\www\yii\admin2\protected\controllers\SiteController.php:44)
Stack trace:
#0 C:\wamp\www\yii\admin2\core\web\CController.php(286): SiteController->runAction()
#1 C:\wamp\www\yii\admin2\core\web\CController.php(265): SiteController->runActionWithFilters()
#2 C:\wamp\www\yii\admin2\core\web\CWebApplication.php(282): SiteController->run()
#3 C:\wamp\www\yii\admin2\core\web\CWebApplication.php(141): CWebApplication->runController()
#4 C:\wamp\www\yii\admin2\core\base\CApplication.php(169): CWebApplication->processRequest()
#5 C:\wamp\www\yii\admin2\index.php(13): CWebApplication->run()
REQUEST_URI=/yii/admin2/
in C:\wamp\www\yii\admin2\protected\controllers\SiteController.php (44)
in C:\wamp\www\yii\admin2\index.php (13)
2013/10/14 02:05:05 [error] [php] Undefined index: db_name (C:\wamp\www\yii\admin2\protected\controllers\SiteController.php:48)
Stack trace:
#0 C:\wamp\www\yii\admin2\core\web\CController.php(286): SiteController->runAction()
#1 C:\wamp\www\yii\admin2\core\web\CController.php(265): SiteController->runActionWithFilters()
#2 C:\wamp\www\yii\admin2\core\web\CWebApplication.php(282): SiteController->run()
#3 C:\wamp\www\yii\admin2\core\web\CWebApplication.php(141): CWebApplication->runController()
#4 C:\wamp\www\yii\admin2\core\base\CApplication.php(169): CWebApplication->processRequest()
#5 C:\wamp\www\yii\admin2\index.php(13): CWebApplication->run()
REQUEST_URI=/yii/admin2/
in C:\wamp\www\yii\admin2\protected\controllers\SiteController.php (48)
in C:\wamp\www\yii\admin2\index.php (13)
2013/10/14 02:05:22 [error] [php] Undefined index: db_name (C:\wamp\www\yii\admin2\protected\controllers\SiteController.php:57)
Stack trace:
#0 C:\wamp\www\yii\admin2\core\web\CController.php(286): SiteController->runAction()
#1 C:\wamp\www\yii\admin2\core\web\CController.php(265): SiteController->runActionWithFilters()
#2 C:\wamp\www\yii\admin2\core\web\CWebApplication.php(282): SiteController->run()
#3 C:\wamp\www\yii\admin2\core\web\CWebApplication.php(141): CWebApplication->runController()
#4 C:\wamp\www\yii\admin2\core\base\CApplication.php(169): CWebApplication->processRequest()
#5 C:\wamp\www\yii\admin2\index.php(13): CWebApplication->run()
REQUEST_URI=/yii/admin2/
in C:\wamp\www\yii\admin2\protected\controllers\SiteController.php (57)
in C:\wamp\www\yii\admin2\index.php (13)
2013/10/14 02:09:56 [error] [php] Undefined variable: db_prefix (C:\wamp\www\yii\admin2\protected\controllers\SiteController.php:60)
Stack trace:
#0 C:\wamp\www\yii\admin2\core\web\CController.php(286): SiteController->runAction()
#1 C:\wamp\www\yii\admin2\core\web\CController.php(265): SiteController->runActionWithFilters()
#2 C:\wamp\www\yii\admin2\core\web\CWebApplication.php(282): SiteController->run()
#3 C:\wamp\www\yii\admin2\core\web\CWebApplication.php(141): CWebApplication->runController()
#4 C:\wamp\www\yii\admin2\core\base\CApplication.php(169): CWebApplication->processRequest()
#5 C:\wamp\www\yii\admin2\index.php(13): CWebApplication->run()
REQUEST_URI=/yii/admin2/
in C:\wamp\www\yii\admin2\protected\controllers\SiteController.php (60)
in C:\wamp\www\yii\admin2\index.php (13)
2013/10/14 02:33:00 [error] [php] fopen(welcome.txt) [<a href='function.fopen'>function.fopen</a>]: failed to open stream: No such file or directory (C:\wamp\www\yii\admin2\protected\controllers\SiteController.php:37)
Stack trace:
#0 C:\wamp\www\yii\admin2\core\web\CController.php(308): CInlineAction->runWithParams()
#1 C:\wamp\www\yii\admin2\core\web\CController.php(286): SiteController->runAction()
#2 C:\wamp\www\yii\admin2\core\web\CController.php(265): SiteController->runActionWithFilters()
#3 C:\wamp\www\yii\admin2\core\web\CWebApplication.php(282): SiteController->run()
#4 C:\wamp\www\yii\admin2\core\web\CWebApplication.php(141): CWebApplication->runController()
#5 C:\wamp\www\yii\admin2\core\base\CApplication.php(169): CWebApplication->processRequest()
#6 C:\wamp\www\yii\admin2\index.php(13): CWebApplication->run()
REQUEST_URI=/yii/admin2/
in C:\wamp\www\yii\admin2\protected\controllers\SiteController.php (37)
in C:\wamp\www\yii\admin2\index.php (13)
2013/10/14 02:36:22 [error] [php] Undefined variable: config (C:\wamp\www\yii\admin2\protected\views\site\index.php:23)
Stack trace:
#0 C:\wamp\www\yii\admin2\core\web\CController.php(869): SiteController->renderFile()
#1 C:\wamp\www\yii\admin2\core\web\CController.php(782): SiteController->renderPartial()
#2 C:\wamp\www\yii\admin2\protected\controllers\SiteController.php(92): SiteController->render()
#3 C:\wamp\www\yii\admin2\core\web\actions\CInlineAction.php(49): SiteController->actionIndex()
#4 C:\wamp\www\yii\admin2\core\web\CController.php(308): CInlineAction->runWithParams()
#5 C:\wamp\www\yii\admin2\core\web\CController.php(286): SiteController->runAction()
#6 C:\wamp\www\yii\admin2\core\web\CController.php(265): SiteController->runActionWithFilters()
#7 C:\wamp\www\yii\admin2\core\web\CWebApplication.php(282): SiteController->run()
#8 C:\wamp\www\yii\admin2\core\web\CWebApplication.php(141): CWebApplication->runController()
#9 C:\wamp\www\yii\admin2\core\base\CApplication.php(169): CWebApplication->processRequest()
#10 C:\wamp\www\yii\admin2\index.php(13): CWebApplication->run()
REQUEST_URI=/yii/admin2/
in C:\wamp\www\yii\admin2\protected\views\site\index.php (23)
in C:\wamp\www\yii\admin2\protected\controllers\SiteController.php (92)
in C:\wamp\www\yii\admin2\index.php (13)
2013/10/14 02:38:02 [error] [php] Undefined variable: config (C:\wamp\www\yii\admin2\protected\views\site\index.php:23)
Stack trace:
#0 C:\wamp\www\yii\admin2\core\web\CController.php(869): SiteController->renderFile()
#1 C:\wamp\www\yii\admin2\core\web\CController.php(782): SiteController->renderPartial()
#2 C:\wamp\www\yii\admin2\protected\controllers\SiteController.php(92): SiteController->render()
#3 C:\wamp\www\yii\admin2\core\web\actions\CInlineAction.php(49): SiteController->actionIndex()
#4 C:\wamp\www\yii\admin2\core\web\CController.php(308): CInlineAction->runWithParams()
#5 C:\wamp\www\yii\admin2\core\web\CController.php(286): SiteController->runAction()
#6 C:\wamp\www\yii\admin2\core\web\CController.php(265): SiteController->runActionWithFilters()
#7 C:\wamp\www\yii\admin2\core\web\CWebApplication.php(282): SiteController->run()
#8 C:\wamp\www\yii\admin2\core\web\CWebApplication.php(141): CWebApplication->runController()
#9 C:\wamp\www\yii\admin2\core\base\CApplication.php(169): CWebApplication->processRequest()
#10 C:\wamp\www\yii\admin2\index.php(13): CWebApplication->run()
REQUEST_URI=/yii/admin2/
in C:\wamp\www\yii\admin2\protected\views\site\index.php (23)
in C:\wamp\www\yii\admin2\protected\controllers\SiteController.php (92)
in C:\wamp\www\yii\admin2\index.php (13)
2013/10/14 04:59:18 [error] [php] PDO::__construct() [<a href='pdo.--construct'>pdo.--construct</a>]: php_network_getaddresses: getaddrinfo failed: No such host is known.  (C:\wamp\www\yii\admin2\core\db\CDbConnection.php:423)
Stack trace:
#0 C:\wamp\www\yii\admin2\core\db\CDbConnection.php(330): CDbConnection->open()
#1 C:\wamp\www\yii\admin2\core\db\CDbConnection.php(308): CDbConnection->setActive()
#2 C:\wamp\www\yii\admin2\core\base\CModule.php(387): CDbConnection->init()
#3 C:\wamp\www\yii\admin2\core\base\CApplication.php(438): CWebApplication->getComponent()
#4 C:\wamp\www\yii\admin2\core\db\ar\CActiveRecord.php(623): CWebApplication->getDb()
#5 C:\wamp\www\yii\admin2\core\db\ar\CActiveRecord.php(2309): User->getDbConnection()
#6 C:\wamp\www\yii\admin2\core\db\ar\CActiveRecord.php(387): CActiveRecordMetaData->__construct()
#7 C:\wamp\www\yii\admin2\protected\models\User.php(21): model()
#8 C:\wamp\www\yii\admin2\protected\controllers\SiteController.php(32): model()
#9 C:\wamp\www\yii\admin2\core\web\actions\CInlineAction.php(49): SiteController->actionIndex()
#10 C:\wamp\www\yii\admin2\core\web\CController.php(308): CInlineAction->runWithParams()
#11 C:\wamp\www\yii\admin2\core\web\CController.php(286): SiteController->runAction()
#12 C:\wamp\www\yii\admin2\core\web\CController.php(265): SiteController->runActionWithFilters()
#13 C:\wamp\www\yii\admin2\core\web\CWebApplication.php(282): SiteController->run()
#14 C:\wamp\www\yii\admin2\core\web\CWebApplication.php(141): CWebApplication->runController()
#15 C:\wamp\www\yii\admin2\core\base\CApplication.php(169): CWebApplication->processRequest()
#16 C:\wamp\www\yii\admin2\index.php(13): CWebApplication->run()
REQUEST_URI=/yii/admin2/index.php
in C:\wamp\www\yii\admin2\protected\models\User.php (21)
in C:\wamp\www\yii\admin2\protected\controllers\SiteController.php (32)
in C:\wamp\www\yii\admin2\index.php (13)
2013/10/14 05:33:21 [error] [php] Undefined variable: msg (C:\wamp\www\yii\admin2\protected\controllers\SiteController.php:118)
Stack trace:
#0 C:\wamp\www\yii\admin2\core\web\CController.php(286): SiteController->runAction()
#1 C:\wamp\www\yii\admin2\core\web\CController.php(265): SiteController->runActionWithFilters()
#2 C:\wamp\www\yii\admin2\core\web\CWebApplication.php(282): SiteController->run()
#3 C:\wamp\www\yii\admin2\core\web\CWebApplication.php(141): CWebApplication->runController()
#4 C:\wamp\www\yii\admin2\core\base\CApplication.php(169): CWebApplication->processRequest()
#5 C:\wamp\www\yii\admin2\index.php(13): CWebApplication->run()
REQUEST_URI=/yii/admin2/index.php
in C:\wamp\www\yii\admin2\protected\controllers\SiteController.php (118)
in C:\wamp\www\yii\admin2\index.php (13)
